生成启动时间为 2017/4/13 14:51:52。
     1>项目“D:\WorkSpace\VS_WS\VS_2013\DataProcess\DataProcess\DataProcess.vcxproj”在节点 2 上(Build 个目标)。
     1>C:\Program Files (x86)\MSBuild\Microsoft.Cpp\v4.0\V120\Microsoft.CppBuild.targets(388,5): warning MSB8028: The intermediate directory (x64\Release\) contains files shared from another project (DataProcess.vcxproj).  This can lead to incorrect clean and rebuild behavior.
     1>CustomBuild:
         Moc'ing dataprocess.h...
       ClCompile:
         C:\Program Files (x86)\Microsoft Visual Studio 12.0\VC\bin\x86_amd64\CL.exe /c /I.\GeneratedFiles /I. /ID:\Procedure\Qt5.8\5.8\msvc2013_64\include /I.\GeneratedFiles\Release /ID:\Procedure\Qt5.8\5.8\msvc2013_64\include\QtCore /ID:\Procedure\Qt5.8\5.8\msvc2013_64\include\QtGui /ID:\Procedure\Qt5.8\5.8\msvc2013_64\include\QtWidgets /ID:\WorkSpace\VS_WS\opencv\win_build\install\include /nologo /W1 /WX- /O2 /D UNICODE /D WIN32 /D WIN64 /D QT_DLL /D QT_NO_DEBUG /D NDEBUG /D QT_CORE_LIB /D QT_GUI_LIB /D QT_WIDGETS_LIB /Gm- /EHsc /MD /GS /fp:precise /Zc:wchar_t /Zc:forScope /Fo"x64\Release\\" /Fd"x64\Release\vc120.pdb" /Gd /TP /errorReport:prompt GeneratedFiles\Release\moc_dataprocess.cpp dataprocess.cpp main.cpp
         moc_dataprocess.cpp
         dataprocess.cpp
     1>dataprocess.cpp(404): warning C4258: “i”: 忽略 For 循环中的定义；使用封闭范围中的定义
                 dataprocess.cpp(397) : 忽略“i”的定义
                 dataprocess.cpp(321) : 使用“i”的定义
     1>dataprocess.cpp(408): warning C4258: “i”: 忽略 For 循环中的定义；使用封闭范围中的定义
                 dataprocess.cpp(397) : 忽略“i”的定义
                 dataprocess.cpp(321) : 使用“i”的定义
     1>dataprocess.cpp(412): warning C4258: “i”: 忽略 For 循环中的定义；使用封闭范围中的定义
                 dataprocess.cpp(397) : 忽略“i”的定义
                 dataprocess.cpp(321) : 使用“i”的定义
     1>dataprocess.cpp(526): warning C4258: “i”: 忽略 For 循环中的定义；使用封闭范围中的定义
                 dataprocess.cpp(519) : 忽略“i”的定义
                 dataprocess.cpp(424) : 使用“i”的定义
     1>dataprocess.cpp(530): warning C4258: “i”: 忽略 For 循环中的定义；使用封闭范围中的定义
                 dataprocess.cpp(519) : 忽略“i”的定义
                 dataprocess.cpp(424) : 使用“i”的定义
     1>dataprocess.cpp(534): warning C4258: “i”: 忽略 For 循环中的定义；使用封闭范围中的定义
                 dataprocess.cpp(519) : 忽略“i”的定义
                 dataprocess.cpp(424) : 使用“i”的定义
     1>dataprocess.cpp(628): warning C4258: “i”: 忽略 For 循环中的定义；使用封闭范围中的定义
                 dataprocess.cpp(621) : 忽略“i”的定义
                 dataprocess.cpp(545) : 使用“i”的定义
     1>dataprocess.cpp(632): warning C4258: “i”: 忽略 For 循环中的定义；使用封闭范围中的定义
                 dataprocess.cpp(621) : 忽略“i”的定义
                 dataprocess.cpp(545) : 使用“i”的定义
     1>dataprocess.cpp(636): warning C4258: “i”: 忽略 For 循环中的定义；使用封闭范围中的定义
                 dataprocess.cpp(621) : 忽略“i”的定义
                 dataprocess.cpp(545) : 使用“i”的定义
         main.cpp
         正在生成代码...
       Link:
         C:\Program Files (x86)\Microsoft Visual Studio 12.0\VC\bin\x86_amd64\link.exe /ERRORREPORT:PROMPT /OUT:"D:\WorkSpace\VS_WS\VS_2013\DataProcess\x64\Release\\AlignProcess.exe" /NOLOGO /LIBPATH:D:\Procedure\Qt5.8\5.8\msvc2013_64\lib /LIBPATH:D:\WorkSpace\VS_WS\opencv\win_build\install\x64\vc12\lib qtmain.lib Qt5Core.lib Qt5Gui.lib Qt5Widgets.lib opencv_core2413.lib opencv_highgui2413.lib opencv_imgproc2413.lib kernel32.lib user32.lib gdi32.lib winspool.lib comdlg32.lib advapi32.lib shell32.lib ole32.lib oleaut32.lib uuid.lib odbc32.lib odbccp32.lib /MANIFEST /MANIFESTUAC:"level='asInvoker' uiAccess='false'" /manifest:embed /PDB:"D:\WorkSpace\VS_WS\VS_2013\DataProcess\x64\Release\AlignProcess.pdb" /SUBSYSTEM:WINDOWS /TLBID:1 /DYNAMICBASE /NXCOMPAT /IMPLIB:"D:\WorkSpace\VS_WS\VS_2013\DataProcess\x64\Release\AlignProcess.lib" /MACHINE:X64 x64\Release\dataprocess.obj
         x64\Release\funcs.obj
         x64\Release\qrc_dataprocess.obj
         x64\Release\moc_dataprocess.obj
         x64\Release\main.obj
         DataProcess.vcxproj -> D:\WorkSpace\VS_WS\VS_2013\DataProcess\x64\Release\AlignProcess.exe
     1>已完成生成项目“D:\WorkSpace\VS_WS\VS_2013\DataProcess\DataProcess\DataProcess.vcxproj”(Build 个目标)的操作。

生成成功。

已用时间 00:00:05.04
