d:\workspace\vs_ws\vs_2013\dataprocess\dataprocess\x64\debug\vc120.pdb
d:\workspace\vs_ws\vs_2013\dataprocess\dataprocess\x64\debug\qrc_dataprocess.obj
d:\workspace\vs_ws\vs_2013\dataprocess\dataprocess\x64\debug\main.obj
d:\workspace\vs_ws\vs_2013\dataprocess\dataprocess\x64\debug\funcs.obj
d:\workspace\vs_ws\vs_2013\dataprocess\dataprocess\x64\debug\dataprocess.obj
d:\workspace\vs_ws\vs_2013\dataprocess\dataprocess\x64\debug\moc_dataprocess.obj
d:\workspace\vs_ws\vs_2013\dataprocess\dataprocess\generatedfiles\debug\moc_dataprocess.cpp
d:\workspace\vs_ws\vs_2013\dataprocess\dataprocess\generatedfiles\ui_dataprocess.h
d:\workspace\vs_ws\vs_2013\dataprocess\dataprocess\generatedfiles\qrc_dataprocess.cpp
d:\workspace\vs_ws\vs_2013\dataprocess\x64\debug\dataprocess.ilk
d:\workspace\vs_ws\vs_2013\dataprocess\x64\debug\dataprocess.exe
d:\workspace\vs_ws\vs_2013\dataprocess\x64\debug\dataprocess.pdb
d:\workspace\vs_ws\vs_2013\dataprocess\dataprocess\x64\debug\dataprocess.tlog\cl.command.1.tlog
d:\workspace\vs_ws\vs_2013\dataprocess\dataprocess\x64\debug\dataprocess.tlog\cl.read.1.tlog
d:\workspace\vs_ws\vs_2013\dataprocess\dataprocess\x64\debug\dataprocess.tlog\cl.write.1.tlog
d:\workspace\vs_ws\vs_2013\dataprocess\dataprocess\x64\debug\dataprocess.tlog\custombuild.command.1.tlog
d:\workspace\vs_ws\vs_2013\dataprocess\dataprocess\x64\debug\dataprocess.tlog\custombuild.read.1.tlog
d:\workspace\vs_ws\vs_2013\dataprocess\dataprocess\x64\debug\dataprocess.tlog\custombuild.write.1.tlog
d:\workspace\vs_ws\vs_2013\dataprocess\dataprocess\x64\debug\dataprocess.tlog\link.command.1.tlog
d:\workspace\vs_ws\vs_2013\dataprocess\dataprocess\x64\debug\dataprocess.tlog\link.read.1.tlog
d:\workspace\vs_ws\vs_2013\dataprocess\dataprocess\x64\debug\dataprocess.tlog\link.write.1.tlog
