d:\workspace\rep\emd\dataprocess\x64\debug\vc120.pdb
d:\workspace\rep\emd\dataprocess\x64\debug\main.obj
d:\workspace\rep\emd\dataprocess\x64\debug\moc_dataprocess.obj
d:\workspace\rep\emd\dataprocess\x64\debug\funcs.obj
d:\workspace\rep\emd\dataprocess\x64\debug\dataprocess.obj
d:\workspace\rep\emd\dataprocess\x64\debug\qrc_dataprocess.obj
d:\workspace\rep\emd\dataprocess\generatedfiles\debug\moc_dataprocess.cpp
d:\workspace\rep\emd\dataprocess\generatedfiles\ui_dataprocess.h
d:\workspace\rep\emd\dataprocess\generatedfiles\qrc_dataprocess.cpp
d:\workspace\rep\emd\dataprocess\x64\debug\resultplus.ilk
d:\workspace\rep\emd\dataprocess\x64\debug\resultplus.exe
d:\workspace\rep\emd\dataprocess\x64\debug\resultplus.pdb
d:\workspace\rep\emd\dataprocess\x64\debug\resultplus.tlog\cl.command.1.tlog
d:\workspace\rep\emd\dataprocess\x64\debug\resultplus.tlog\cl.read.1.tlog
d:\workspace\rep\emd\dataprocess\x64\debug\resultplus.tlog\cl.write.1.tlog
d:\workspace\rep\emd\dataprocess\x64\debug\resultplus.tlog\custombuild.command.1.tlog
d:\workspace\rep\emd\dataprocess\x64\debug\resultplus.tlog\custombuild.read.1.tlog
d:\workspace\rep\emd\dataprocess\x64\debug\resultplus.tlog\custombuild.write.1.tlog
d:\workspace\rep\emd\dataprocess\x64\debug\resultplus.tlog\link.command.1.tlog
d:\workspace\rep\emd\dataprocess\x64\debug\resultplus.tlog\link.read.1.tlog
d:\workspace\rep\emd\dataprocess\x64\debug\resultplus.tlog\link.write.1.tlog
